<?xml version="1.0" encoding="UTF-8"?>
<tv generator-info-name="WebGrab+Plus/w MDB &amp; REX Postprocess -- version  V2.1 -- Jan van Straaten" generator-info-url="http://www.webgrabplus.com">
  <channel id="MBC 2">
    <display-name lang="en">MBC 2</display-name>
    <url>http://www.elcinema.en.com</url>
  </channel>
</tv>