<?xml version="1.0" encoding="UTF-8"?>
<tv generator-info-name="WebGrab+Plus/w MDB &amp; REX Postprocess -- version  V2.1 -- Jan van Straaten" generator-info-url="http://www.webgrabplus.com">
  <channel id="MBC 2">
    <display-name lang="en">MBC 2</display-name>
    <url>http://www.elcinema.en.com</url>
  </channel>
  <programme start="20190123190000 +0000" stop="20190123210000 +0000" channel="MBC 2">
    <title lang="en">Ant-Man</title>
    <sub-title lang="en">الرجل النملة</sub-title>
    <desc lang="en">Armed with the astonishing ability to shrink in scale but increase in strength, master thief Scott Lang must embrace his inner-hero and help his mentor, Dr. Hank Pym, protect the secret behind his spectacular Ant-Man suit from a new generation of towering threats.(n)</desc>
    <credits>
      <director>Peyton Reed</director>
      <actor>Paul Rudd</actor>
      <actor>Michael Douglas</actor>
      <actor>Evangeline Lilly</actor>
      <actor>Michael Peña</actor>
      <actor>Corey Stoll</actor>
      <actor>Matt Gerald</actor>
      <writer>Adam McKay</writer>
      <writer>Jack Kirby</writer>
    </credits>
    <date>2015</date>
    <category lang="en">Genre</category>
    <category lang="en">Science Fiction</category>
    <category lang="en">Action</category>
    <icon src="http://photo.elcinema.com.s3.amazonaws.com/uploads/_315x420_6a9d9c0d8967401f3e16a6a6a5d88e76eb10a98c20395d35a16c10bcd44692fc.jpg" />
    <rating system="EG">
      <value>7.7</value>
    </rating>
  </programme>
  <programme start="20190123210000 +0000" stop="20190123230000 +0000" channel="MBC 2">
    <title lang="en">Shaun Of The Dead</title>
    <sub-title lang="en">شون الميت</sub-title>
    <desc lang="en">(n)</desc>
    <credits>
      <director>Edgar Wright</director>
      <actor>Lucy Davis</actor>
      <actor>Rafe Spall</actor>
      <actor>Dylan Moran</actor>
      <actor>Kate Ashfield</actor>
      <actor>Nick Frost</actor>
      <actor>Simon Pegg</actor>
    </credits>
    <date>2004</date>
    <category lang="en">Genre</category>
    <category lang="en">Comedy</category>
    <category lang="en">Horror</category>
    <icon src="http://photo.elcinema.com.s3.amazonaws.com/uploads/_315x420_ff96f34e644f001113e574a6dd7095be4c581f4a7ae1a3c7fb9e2549333b9de6.jpg" />
    <rating system="EG">
      <value>5.8</value>
    </rating>
  </programme>
  <programme start="20190123230000 +0000" stop="20190124003000 +0000" channel="MBC 2">
    <title lang="en">Super</title>
    <sub-title lang="en">خارق</sub-title>
    <desc lang="en">(n)</desc>
    <credits>
      <director>James Gunn</director>
      <actor>Rainn Wilson</actor>
      <actor>Ellen Page</actor>
      <actor>Liv Tyler</actor>
      <actor>Kevin Bacon</actor>
      <actor>Gregg Henry</actor>
      <actor>Michael Rooker</actor>
      <writer>James Gunn</writer>
    </credits>
    <date>2010</date>
    <category lang="en">Genre</category>
    <category lang="en">Drama</category>
    <category lang="en">Comedy</category>
    <icon src="http://photo.elcinema.com.s3.amazonaws.com/uploads/_315x420_b8d90bff7ec779485d80dede3f814d161378b22c1d2ec3281cfd2ec4ddb05fe2.jpg" />
  </programme>
</tv>