<?xml version="1.0" encoding="UTF-8"?>
<tv generator-info-name="WebGrab+Plus/w MDB &amp; REX Postprocess -- version  V2.1 -- Jan van Straaten" generator-info-url="http://www.webgrabplus.com">
  <channel id="MBC 2">
    <display-name lang="en">MBC 2</display-name>
    <url>http://www.elcinema.en.com</url>
  </channel>
  <programme start="20190123130000 +0000" stop="20190123150000 +0000" channel="MBC 2">
    <title lang="en">Ant-Man</title>
    <sub-title lang="en">الرجل النملة</sub-title>
    <desc lang="en">Armed with the astonishing ability to shrink in scale but increase in strength, master thief Scott Lang must embrace his inner-hero and help his mentor, Dr. Hank Pym, protect the secret behind his spectacular Ant-Man suit from a new generation of towering threats.(n)</desc>
    <credits>
      <director>Peyton Reed</director>
      <actor>Paul Rudd</actor>
      <actor>Michael Douglas</actor>
      <actor>Evangeline Lilly</actor>
      <actor>Michael Peña</actor>
      <actor>Corey Stoll</actor>
      <actor>Matt Gerald</actor>
      <writer>Adam McKay</writer>
      <writer>Jack Kirby</writer>
    </credits>
    <date>2015</date>
    <category lang="en">Genre</category>
    <category lang="en">Science Fiction</category>
    <category lang="en">Action</category>
    <icon src="http://photo.elcinema.com.s3.amazonaws.com/uploads/_315x420_6a9d9c0d8967401f3e16a6a6a5d88e76eb10a98c20395d35a16c10bcd44692fc.jpg" />
    <rating system="EG">
      <value>7.7</value>
    </rating>
  </programme>
  <programme start="20190123150000 +0000" stop="20190123170000 +0000" channel="MBC 2">
    <title lang="en">Shaun Of The Dead</title>
    <sub-title lang="en">شون الميت</sub-title>
    <desc lang="en">(n)</desc>
    <credits>
      <director>Edgar Wright</director>
      <actor>Lucy Davis</actor>
      <actor>Rafe Spall</actor>
      <actor>Dylan Moran</actor>
      <actor>Kate Ashfield</actor>
      <actor>Nick Frost</actor>
      <actor>Simon Pegg</actor>
    </credits>
    <date>2004</date>
    <category lang="en">Genre</category>
    <category lang="en">Comedy</category>
    <category lang="en">Horror</category>
    <icon src="http://photo.elcinema.com.s3.amazonaws.com/uploads/_315x420_ff96f34e644f001113e574a6dd7095be4c581f4a7ae1a3c7fb9e2549333b9de6.jpg" />
    <rating system="EG">
      <value>5.8</value>
    </rating>
  </programme>
  <programme start="20190123170000 +0000" stop="20190123183000 +0000" channel="MBC 2">
    <title lang="en">Super</title>
    <sub-title lang="en">خارق</sub-title>
    <desc lang="en">(n)</desc>
    <credits>
      <director>James Gunn</director>
      <actor>Rainn Wilson</actor>
      <actor>Ellen Page</actor>
      <actor>Liv Tyler</actor>
      <actor>Kevin Bacon</actor>
      <actor>Gregg Henry</actor>
      <actor>Michael Rooker</actor>
      <writer>James Gunn</writer>
    </credits>
    <date>2010</date>
    <category lang="en">Genre</category>
    <category lang="en">Drama</category>
    <category lang="en">Comedy</category>
    <icon src="http://photo.elcinema.com.s3.amazonaws.com/uploads/_315x420_b8d90bff7ec779485d80dede3f814d161378b22c1d2ec3281cfd2ec4ddb05fe2.jpg" />
  </programme>
  <programme start="20190123183000 +0000" stop="20190123203000 +0000" channel="MBC 2">
    <title lang="en">TRON: Legacy</title>
    <sub-title lang="en">ترون: تراث</sub-title>
    <desc lang="en">This picture is a science fiction film and is a sequel to the 1982 film “Tron”. The title marks Joseph Kosinski’s feature film directorial debut while “Tron” director Steven Lisberger returns as a producer. The film features the performances of Micheal Sheen, Olivia Wilde and Beau Garrett among others. Jeff Bridges and Bruce Boxleitner retain their previous roles from “Tron”. Sam Flynn is determined to find out the causes behind the puzzling disappearance of his father. He manages to track down a signal from his father that leads him to an abandoned arcade. Therein, Flynn finds his father trapped in a sort of digital world. Marooned in a world populated with unfamiliar vehicles, weapons and backdrops, Sam and his father must find a way out of the bizarre realm. They are aided in their efforts by Quorra (Olivia Wilde), a ruthless warrior.(n)</desc>
    <credits>
      <director>Joseph Kosinski</director>
      <actor>Michael Sheen</actor>
      <actor>Olivia Wilde</actor>
      <actor>Jeff Bridges</actor>
      <actor>Garrett Hedlund</actor>
      <actor>James Frain</actor>
      <actor>Beau Garrett</actor>
      <writer>Adam Horowitz</writer>
      <writer>Edward Kitsis</writer>
    </credits>
    <date>2010</date>
    <category lang="en">Genre</category>
    <category lang="en">Action</category>
    <category lang="en">Science Fiction</category>
    <category lang="en">Adventure</category>
    <category lang="en">Thriller</category>
    <icon src="http://photo.elcinema.com.s3.amazonaws.com/uploads/_315x420_a2ea92375cfc83362f21a7e86c108cbe6888bb61d1f19522afcc98afe41e35e4.jpg" />
    <rating system="EG">
      <value>7.9</value>
    </rating>
  </programme>
  <programme start="20190123203000 +0000" stop="20190123210000 +0000" channel="MBC 2">
    <title lang="en">films &amp; stars</title>
    <sub-title lang="en">أفلام ونجوم</sub-title>
    <desc lang="en">(n)</desc>
    <date>0</date>
    <icon src="http://photo.elcinema.com.s3.amazonaws.com/uploads/_315x420_ba8b98e032d979f6db3a93fc7777a8c51bb44d09ce9115e866a8f42fcb17baee.jpg" />
  </programme>
  <programme start="20190123210000 +0000" stop="20190123230000 +0000" channel="MBC 2">
    <title lang="en">Predators</title>
    <sub-title lang="en">المفترسون</sub-title>
    <desc lang="en">This title is a science fiction action film that was directed by Nimrod Antal. The movie stars Adrian Brody and Laurence Fishburne among others and it is the third film in the “Predator” franchise. Royce (Adrian Brody) is a mercenary who regains consciousness to find himself parachuting into an unknown jungle. Once on the ground he links up with others who seem to have arrived there by the same means. Everyone in the group, with the notable exception of a doctor, seem to come from dark backgrounds. There is a drug cartel enforcer, a Sptsnaz soldier, a death row inmate and a Yakuza man to name only a few – not to mention Royce, who is himself a mercenary as mentioned earlier. As the film progresses, the group learn that they are in fact on an alien planet. That’s not the worst part though – they also learn that they are being hunted by an alien race known as the “Predators”.(n)</desc>
    <credits>
      <director>Nimród Antal</director>
      <actor>Adrien Brody</actor>
      <actor>Laurence Fishburne</actor>
      <actor>Danny Trejo</actor>
      <actor>Topher Grace</actor>
      <actor>Alice Braga</actor>
      <actor>Walton Goggins</actor>
    </credits>
    <date>2010</date>
    <category lang="en">Genre</category>
    <category lang="en">Science Fiction</category>
    <category lang="en">Action</category>
    <icon src="http://photo.elcinema.com.s3.amazonaws.com/uploads/_315x420_d9cd869ccd09ca60a1467f173c1e42e855f6cbe24809572593d5d2bd131e6382.jpg" />
    <rating system="EG">
      <value>7</value>
    </rating>
  </programme>
  <programme start="20190123230000 +0000" stop="20190124000500 +0000" channel="MBC 2">
    <title lang="en">films &amp; stars</title>
    <sub-title lang="en">أفلام ونجوم</sub-title>
    <desc lang="en">(n)</desc>
    <date>0</date>
    <icon src="http://photo.elcinema.com.s3.amazonaws.com/uploads/_315x420_ba8b98e032d979f6db3a93fc7777a8c51bb44d09ce9115e866a8f42fcb17baee.jpg" />
  </programme>
</tv>